Analysis & Synthesis report for Mips
Tue Oct 09 15:59:21 2018
Quartus II 64-Bit Version 13.0.1 Build 232 06/12/2013 Service Pack 1 SJ Web Edition


---------------------
; Table of Contents ;
---------------------
  1. Legal Notice
  2. Analysis & Synthesis Summary
  3. Analysis & Synthesis Settings
  4. Parallel Compilation
  5. Analysis & Synthesis Source Files Read
  6. Analysis & Synthesis Resource Usage Summary
  7. Analysis & Synthesis Resource Utilization by Entity
  8. Analysis & Synthesis RAM Summary
  9. Registers Removed During Synthesis
 10. General Register Statistics
 11. Registers Packed Into Inferred Megafunctions
 12. Source assignments for IF_Stage:IF|altsyncram:ROM_rtl_0|altsyncram_mk61:auto_generated
 13. Parameter Settings for Inferred Entity Instance: IF_Stage:IF|altsyncram:ROM_rtl_0
 14. altsyncram Parameter Settings by Entity Instance
 15. Port Connectivity Checks: "WB_Stage:WB"
 16. Port Connectivity Checks: "IF_Stage_reg:IF_reg"
 17. Elapsed Time Per Partition
 18. Analysis & Synthesis Messages
 19. Analysis & Synthesis Suppressed Messages



----------------
; Legal Notice ;
----------------
Copyright (C) 1991-2013 Altera Corporation
Your use of Altera Corporation's design tools, logic functions 
and other software and tools, and its AMPP partner logic 
functions, and any output files from any of the foregoing 
(including device programming or simulation files), and any 
associated documentation or information are expressly subject 
to the terms and conditions of the Altera Program License 
Subscription Agreement, Altera MegaCore Function License 
Agreement, or other applicable license agreement, including, 
without limitation, that your use is for the sole purpose of 
programming logic devices manufactured by Altera and sold by 
Altera or its authorized distributors.  Please refer to the 
applicable agreement for further details.



+--------------------------------------------------------------------------------------+
; Analysis & Synthesis Summary                                                         ;
+------------------------------------+-------------------------------------------------+
; Analysis & Synthesis Status        ; Successful - Tue Oct 09 15:59:21 2018           ;
; Quartus II 64-Bit Version          ; 13.0.1 Build 232 06/12/2013 SP 1 SJ Web Edition ;
; Revision Name                      ; Mips                                            ;
; Top-level Entity Name              ; MIPS                                            ;
; Family                             ; Cyclone II                                      ;
; Total logic elements               ; 29                                              ;
;     Total combinational functions  ; 28                                              ;
;     Dedicated logic registers      ; 8                                               ;
; Total registers                    ; 8                                               ;
; Total pins                         ; 418                                             ;
; Total virtual pins                 ; 0                                               ;
; Total memory bits                  ; 512                                             ;
; Embedded Multiplier 9-bit elements ; 0                                               ;
; Total PLLs                         ; 0                                               ;
+------------------------------------+-------------------------------------------------+


+----------------------------------------------------------------------------------------------------------------------+
; Analysis & Synthesis Settings                                                                                        ;
+----------------------------------------------------------------------------+--------------------+--------------------+
; Option                                                                     ; Setting            ; Default Value      ;
+----------------------------------------------------------------------------+--------------------+--------------------+
; Device                                                                     ; EP2C35F672C6       ;                    ;
; Top-level entity name                                                      ; MIPS               ; Mips               ;
; Family name                                                                ; Cyclone II         ; Cyclone IV GX      ;
; Use smart compilation                                                      ; Off                ; Off                ;
; Enable parallel Assembler and TimeQuest Timing Analyzer during compilation ; On                 ; On                 ;
; Enable compact report table                                                ; Off                ; Off                ;
; Restructure Multiplexers                                                   ; Auto               ; Auto               ;
; Create Debugging Nodes for IP Cores                                        ; Off                ; Off                ;
; Preserve fewer node names                                                  ; On                 ; On                 ;
; Disable OpenCore Plus hardware evaluation                                  ; Off                ; Off                ;
; Verilog Version                                                            ; Verilog_2001       ; Verilog_2001       ;
; VHDL Version                                                               ; VHDL_1993          ; VHDL_1993          ;
; State Machine Processing                                                   ; Auto               ; Auto               ;
; Safe State Machine                                                         ; Off                ; Off                ;
; Extract Verilog State Machines                                             ; On                 ; On                 ;
; Extract VHDL State Machines                                                ; On                 ; On                 ;
; Ignore Verilog initial constructs                                          ; Off                ; Off                ;
; Iteration limit for constant Verilog loops                                 ; 5000               ; 5000               ;
; Iteration limit for non-constant Verilog loops                             ; 250                ; 250                ;
; Add Pass-Through Logic to Inferred RAMs                                    ; On                 ; On                 ;
; Infer RAMs from Raw Logic                                                  ; On                 ; On                 ;
; Parallel Synthesis                                                         ; On                 ; On                 ;
; DSP Block Balancing                                                        ; Auto               ; Auto               ;
; NOT Gate Push-Back                                                         ; On                 ; On                 ;
; Power-Up Don't Care                                                        ; On                 ; On                 ;
; Remove Redundant Logic Cells                                               ; Off                ; Off                ;
; Remove Duplicate Registers                                                 ; On                 ; On                 ;
; Ignore CARRY Buffers                                                       ; Off                ; Off                ;
; Ignore CASCADE Buffers                                                     ; Off                ; Off                ;
; Ignore GLOBAL Buffers                                                      ; Off                ; Off                ;
; Ignore ROW GLOBAL Buffers                                                  ; Off                ; Off                ;
; Ignore LCELL Buffers                                                       ; Off                ; Off                ;
; Ignore SOFT Buffers                                                        ; On                 ; On                 ;
; Limit AHDL Integers to 32 Bits                                             ; Off                ; Off                ;
; Optimization Technique                                                     ; Balanced           ; Balanced           ;
; Carry Chain Length                                                         ; 70                 ; 70                 ;
; Auto Carry Chains                                                          ; On                 ; On                 ;
; Auto Open-Drain Pins                                                       ; On                 ; On                 ;
; Perform WYSIWYG Primitive Resynthesis                                      ; Off                ; Off                ;
; Auto ROM Replacement                                                       ; On                 ; On                 ;
; Auto RAM Replacement                                                       ; On                 ; On                 ;
; Auto Shift Register Replacement                                            ; Auto               ; Auto               ;
; Allow Shift Register Merging across Hierarchies                            ; Auto               ; Auto               ;
; Auto Clock Enable Replacement                                              ; On                 ; On                 ;
; Strict RAM Replacement                                                     ; Off                ; Off                ;
; Allow Synchronous Control Signals                                          ; On                 ; On                 ;
; Force Use of Synchronous Clear Signals                                     ; Off                ; Off                ;
; Auto RAM to Logic Cell Conversion                                          ; Off                ; Off                ;
; Auto Resource Sharing                                                      ; Off                ; Off                ;
; Allow Any RAM Size For Recognition                                         ; Off                ; Off                ;
; Allow Any ROM Size For Recognition                                         ; Off                ; Off                ;
; Allow Any Shift Register Size For Recognition                              ; Off                ; Off                ;
; Use LogicLock Constraints during Resource Balancing                        ; On                 ; On                 ;
; Ignore translate_off and synthesis_off directives                          ; Off                ; Off                ;
; Timing-Driven Synthesis                                                    ; Off                ; Off                ;
; Report Parameter Settings                                                  ; On                 ; On                 ;
; Report Source Assignments                                                  ; On                 ; On                 ;
; Report Connectivity Checks                                                 ; On                 ; On                 ;
; Ignore Maximum Fan-Out Assignments                                         ; Off                ; Off                ;
; Synchronization Register Chain Length                                      ; 2                  ; 2                  ;
; PowerPlay Power Optimization                                               ; Normal compilation ; Normal compilation ;
; HDL message level                                                          ; Level2             ; Level2             ;
; Suppress Register Optimization Related Messages                            ; Off                ; Off                ;
; Number of Removed Registers Reported in Synthesis Report                   ; 5000               ; 5000               ;
; Number of Swept Nodes Reported in Synthesis Report                         ; 5000               ; 5000               ;
; Number of Inverted Registers Reported in Synthesis Report                  ; 100                ; 100                ;
; Clock MUX Protection                                                       ; On                 ; On                 ;
; Auto Gated Clock Conversion                                                ; Off                ; Off                ;
; Block Design Naming                                                        ; Auto               ; Auto               ;
; SDC constraint protection                                                  ; Off                ; Off                ;
; Synthesis Effort                                                           ; Auto               ; Auto               ;
; Shift Register Replacement - Allow Asynchronous Clear Signal               ; On                 ; On                 ;
; Pre-Mapping Resynthesis Optimization                                       ; Off                ; Off                ;
; Analysis & Synthesis Message Level                                         ; Medium             ; Medium             ;
; Disable Register Merging Across Hierarchies                                ; Auto               ; Auto               ;
; Resource Aware Inference For Block RAM                                     ; On                 ; On                 ;
; Synthesis Seed                                                             ; 1                  ; 1                  ;
+----------------------------------------------------------------------------+--------------------+--------------------+


Parallel compilation was disabled, but you have multiple processors available. Enable parallel compilation to reduce compilation time.
+-------------------------------------+
; Parallel Compilation                ;
+----------------------------+--------+
; Processors                 ; Number ;
+----------------------------+--------+
; Number detected on machine ; 4      ;
; Maximum allowed            ; 1      ;
+----------------------------+--------+


+--------------------------------------------------------------------------------------------------------------------------------------------------------------------------------------------------------------------------+
; Analysis & Synthesis Source Files Read                                                                                                                                                                                   ;
+----------------------------------------+-----------------+-------------------------------------------------------+---------------------------------------------------------------------------------------------+---------+
; File Name with User-Entered Path       ; Used in Netlist ; File Type                                             ; File Name with Absolute Path                                                                ; Library ;
+----------------------------------------+-----------------+-------------------------------------------------------+---------------------------------------------------------------------------------------------+---------+
; IF_Stage_reg.v                         ; yes             ; User Verilog HDL File                                 ; //Mac/Google Drive/University/Semester 7/CA Lab/Mips/IF_Stage_reg.v                         ;         ;
; ID_Stage.v                             ; yes             ; User Verilog HDL File                                 ; //Mac/Google Drive/University/Semester 7/CA Lab/Mips/ID_Stage.v                             ;         ;
; IF_Stage.v                             ; yes             ; User Verilog HDL File                                 ; //Mac/Google Drive/University/Semester 7/CA Lab/Mips/IF_Stage.v                             ;         ;
; EXE_Stage.v                            ; yes             ; User Verilog HDL File                                 ; //Mac/Google Drive/University/Semester 7/CA Lab/Mips/EXE_Stage.v                            ;         ;
; MEM_Stage.v                            ; yes             ; User Verilog HDL File                                 ; //Mac/Google Drive/University/Semester 7/CA Lab/Mips/MEM_Stage.v                            ;         ;
; ID_Stage_reg.v                         ; yes             ; User Verilog HDL File                                 ; //Mac/Google Drive/University/Semester 7/CA Lab/Mips/ID_Stage_reg.v                         ;         ;
; EXE_Stage_reg.v                        ; yes             ; User Verilog HDL File                                 ; //Mac/Google Drive/University/Semester 7/CA Lab/Mips/EXE_Stage_reg.v                        ;         ;
; MEM_Stage_reg.v                        ; yes             ; User Verilog HDL File                                 ; //Mac/Google Drive/University/Semester 7/CA Lab/Mips/MEM_Stage_reg.v                        ;         ;
; WB_Stage.v                             ; yes             ; User Verilog HDL File                                 ; //Mac/Google Drive/University/Semester 7/CA Lab/Mips/WB_Stage.v                             ;         ;
; MIPS.v                                 ; yes             ; User Verilog HDL File                                 ; //Mac/Google Drive/University/Semester 7/CA Lab/Mips/MIPS.v                                 ;         ;
; altsyncram.tdf                         ; yes             ; Megafunction                                          ; c:/altera/13.0sp1/quartus/libraries/megafunctions/altsyncram.tdf                            ;         ;
; stratix_ram_block.inc                  ; yes             ; Megafunction                                          ; c:/altera/13.0sp1/quartus/libraries/megafunctions/stratix_ram_block.inc                     ;         ;
; lpm_mux.inc                            ; yes             ; Megafunction                                          ; c:/altera/13.0sp1/quartus/libraries/megafunctions/lpm_mux.inc                               ;         ;
; lpm_decode.inc                         ; yes             ; Megafunction                                          ; c:/altera/13.0sp1/quartus/libraries/megafunctions/lpm_decode.inc                            ;         ;
; aglobal130.inc                         ; yes             ; Megafunction                                          ; c:/altera/13.0sp1/quartus/libraries/megafunctions/aglobal130.inc                            ;         ;
; a_rdenreg.inc                          ; yes             ; Megafunction                                          ; c:/altera/13.0sp1/quartus/libraries/megafunctions/a_rdenreg.inc                             ;         ;
; altrom.inc                             ; yes             ; Megafunction                                          ; c:/altera/13.0sp1/quartus/libraries/megafunctions/altrom.inc                                ;         ;
; altram.inc                             ; yes             ; Megafunction                                          ; c:/altera/13.0sp1/quartus/libraries/megafunctions/altram.inc                                ;         ;
; altdpram.inc                           ; yes             ; Megafunction                                          ; c:/altera/13.0sp1/quartus/libraries/megafunctions/altdpram.inc                              ;         ;
; db/altsyncram_mk61.tdf                 ; yes             ; Auto-Generated Megafunction                           ; //Mac/Google Drive/University/Semester 7/CA Lab/Mips/db/altsyncram_mk61.tdf                 ;         ;
; db/Mips.ram0_IF_Stage_9ea88c47.hdl.mif ; yes             ; Auto-Generated Auto-Found Memory Initialization File  ; //Mac/Google Drive/University/Semester 7/CA Lab/Mips/db/Mips.ram0_IF_Stage_9ea88c47.hdl.mif ;         ;
+----------------------------------------+-----------------+-------------------------------------------------------+---------------------------------------------------------------------------------------------+---------+


+-----------------------------------------------------------------+
; Analysis & Synthesis Resource Usage Summary                     ;
+---------------------------------------------+-------------------+
; Resource                                    ; Usage             ;
+---------------------------------------------+-------------------+
; Estimated Total logic elements              ; 29                ;
;                                             ;                   ;
; Total combinational functions               ; 28                ;
; Logic element usage by number of LUT inputs ;                   ;
;     -- 4 input functions                    ; 14                ;
;     -- 3 input functions                    ; 1                 ;
;     -- <=2 input functions                  ; 13                ;
;                                             ;                   ;
; Logic elements by mode                      ;                   ;
;     -- normal mode                          ; 23                ;
;     -- arithmetic mode                      ; 5                 ;
;                                             ;                   ;
; Total registers                             ; 8                 ;
;     -- Dedicated logic registers            ; 8                 ;
;     -- I/O registers                        ; 0                 ;
;                                             ;                   ;
; I/O pins                                    ; 418               ;
; Total memory bits                           ; 512               ;
; Embedded Multiplier 9-bit elements          ; 0                 ;
; Maximum fan-out node                        ; IF_Stage:IF|pc[2] ;
; Maximum fan-out                             ; 13                ;
; Total fan-out                               ; 152               ;
; Average fan-out                             ; 0.33              ;
+---------------------------------------------+-------------------+


+----------------------------------------------------------------------------------------------------------------------------------------------------------------------------------------------------------------------------------------------+
; Analysis & Synthesis Resource Utilization by Entity                                                                                                                                                                                          ;
+-------------------------------------------+-------------------+--------------+-------------+--------------+---------+-----------+------+--------------+-----------------------------------------------------------------------+--------------+
; Compilation Hierarchy Node                ; LC Combinationals ; LC Registers ; Memory Bits ; DSP Elements ; DSP 9x9 ; DSP 18x18 ; Pins ; Virtual Pins ; Full Hierarchy Name                                                   ; Library Name ;
+-------------------------------------------+-------------------+--------------+-------------+--------------+---------+-----------+------+--------------+-----------------------------------------------------------------------+--------------+
; |MIPS                                     ; 28 (21)           ; 8 (0)        ; 512         ; 0            ; 0       ; 0         ; 418  ; 0            ; |MIPS                                                                 ; work         ;
;    |IF_Stage:IF|                          ; 7 (7)             ; 8 (8)        ; 512         ; 0            ; 0       ; 0         ; 0    ; 0            ; |MIPS|IF_Stage:IF                                                     ; work         ;
;       |altsyncram:ROM_rtl_0|              ; 0 (0)             ; 0 (0)        ; 512         ; 0            ; 0       ; 0         ; 0    ; 0            ; |MIPS|IF_Stage:IF|altsyncram:ROM_rtl_0                                ; work         ;
;          |altsyncram_mk61:auto_generated| ; 0 (0)             ; 0 (0)        ; 512         ; 0            ; 0       ; 0         ; 0    ; 0            ; |MIPS|IF_Stage:IF|altsyncram:ROM_rtl_0|altsyncram_mk61:auto_generated ; work         ;
+-------------------------------------------+-------------------+--------------+-------------+--------------+---------+-----------+------+--------------+-----------------------------------------------------------------------+--------------+
Note: For table entries with two numbers listed, the numbers in parentheses indicate the number of resources of the given type used by the specific entity alone. The numbers listed outside of parentheses indicate the total resources of the given type used by the specific entity and all of its sub-entities in the hierarchy.


+------------------------------------------------------------------------------------------------------------------------------------------------------------------------------------------------------+
; Analysis & Synthesis RAM Summary                                                                                                                                                                     ;
+----------------------------------------------------------------------------+------+------+--------------+--------------+--------------+--------------+------+----------------------------------------+
; Name                                                                       ; Type ; Mode ; Port A Depth ; Port A Width ; Port B Depth ; Port B Width ; Size ; MIF                                    ;
+----------------------------------------------------------------------------+------+------+--------------+--------------+--------------+--------------+------+----------------------------------------+
; IF_Stage:IF|altsyncram:ROM_rtl_0|altsyncram_mk61:auto_generated|ALTSYNCRAM ; AUTO ; ROM  ; 128          ; 32           ; --           ; --           ; 4096 ; db/Mips.ram0_IF_Stage_9ea88c47.hdl.mif ;
+----------------------------------------------------------------------------+------+------+--------------+--------------+--------------+--------------+------+----------------------------------------+


+--------------------------------------------------------------------------------+
; Registers Removed During Synthesis                                             ;
+-----------------------------------------+--------------------------------------+
; Register name                           ; Reason for Removal                   ;
+-----------------------------------------+--------------------------------------+
; sevenSeg~0                              ; Stuck at GND due to stuck port clock ;
; sevenSeg~1                              ; Stuck at GND due to stuck port clock ;
; sevenSeg~2                              ; Stuck at GND due to stuck port clock ;
; sevenSeg~3                              ; Stuck at GND due to stuck port clock ;
; sevenSeg~4                              ; Stuck at GND due to stuck port clock ;
; sevenSeg~5                              ; Stuck at GND due to stuck port clock ;
; sevenSeg~6                              ; Stuck at GND due to stuck port clock ;
; sevenSeg~7                              ; Stuck at GND due to stuck port clock ;
; sevenSeg~8                              ; Stuck at GND due to stuck port clock ;
; sevenSeg~9                              ; Stuck at GND due to stuck port clock ;
; sevenSeg~10                             ; Stuck at GND due to stuck port clock ;
; sevenSeg~11                             ; Stuck at GND due to stuck port clock ;
; sevenSeg~12                             ; Stuck at GND due to stuck port clock ;
; sevenSeg~13                             ; Stuck at GND due to stuck port clock ;
; sevenSeg~14                             ; Stuck at GND due to stuck port clock ;
; sevenSeg~15                             ; Stuck at GND due to stuck port clock ;
; sevenSeg~16                             ; Stuck at GND due to stuck port clock ;
; sevenSeg~17                             ; Stuck at GND due to stuck port clock ;
; sevenSeg~18                             ; Stuck at GND due to stuck port clock ;
; sevenSeg~19                             ; Stuck at GND due to stuck port clock ;
; sevenSeg~20                             ; Stuck at GND due to stuck port clock ;
; sevenSeg~21                             ; Stuck at GND due to stuck port clock ;
; sevenSeg~22                             ; Stuck at GND due to stuck port clock ;
; sevenSeg~23                             ; Stuck at GND due to stuck port clock ;
; sevenSeg~24                             ; Stuck at GND due to stuck port clock ;
; sevenSeg~25                             ; Stuck at GND due to stuck port clock ;
; sevenSeg~26                             ; Stuck at GND due to stuck port clock ;
; sevenSeg~27                             ; Stuck at GND due to stuck port clock ;
; sevenSeg~28                             ; Stuck at GND due to stuck port clock ;
; sevenSeg~29                             ; Stuck at GND due to stuck port clock ;
; sevenSeg~30                             ; Stuck at GND due to stuck port clock ;
; sevenSeg~31                             ; Stuck at GND due to stuck port clock ;
; sevenSeg~32                             ; Stuck at GND due to stuck port clock ;
; sevenSeg~33                             ; Stuck at GND due to stuck port clock ;
; sevenSeg~34                             ; Stuck at GND due to stuck port clock ;
; sevenSeg~35                             ; Stuck at GND due to stuck port clock ;
; sevenSeg~36                             ; Stuck at GND due to stuck port clock ;
; sevenSeg~37                             ; Stuck at GND due to stuck port clock ;
; sevenSeg~38                             ; Stuck at GND due to stuck port clock ;
; sevenSeg~39                             ; Stuck at GND due to stuck port clock ;
; sevenSeg~40                             ; Stuck at GND due to stuck port clock ;
; sevenSeg~41                             ; Stuck at GND due to stuck port clock ;
; sevenSeg~42                             ; Stuck at GND due to stuck port clock ;
; sevenSeg~43                             ; Stuck at GND due to stuck port clock ;
; sevenSeg~44                             ; Stuck at GND due to stuck port clock ;
; sevenSeg~45                             ; Stuck at GND due to stuck port clock ;
; sevenSeg~46                             ; Stuck at GND due to stuck port clock ;
; sevenSeg~47                             ; Stuck at GND due to stuck port clock ;
; sevenSeg~48                             ; Stuck at GND due to stuck port clock ;
; sevenSeg~49                             ; Stuck at GND due to stuck port clock ;
; sevenSeg~50                             ; Stuck at GND due to stuck port clock ;
; sevenSeg~51                             ; Stuck at GND due to stuck port clock ;
; sevenSeg~52                             ; Stuck at GND due to stuck port clock ;
; sevenSeg~53                             ; Stuck at GND due to stuck port clock ;
; sevenSeg~54                             ; Stuck at GND due to stuck port clock ;
; sevenSeg~55                             ; Stuck at GND due to stuck port clock ;
; sevenSeg~56                             ; Stuck at GND due to stuck port clock ;
; sevenSeg~57                             ; Stuck at GND due to stuck port clock ;
; sevenSeg~58                             ; Stuck at GND due to stuck port clock ;
; sevenSeg~59                             ; Stuck at GND due to stuck port clock ;
; sevenSeg~60                             ; Stuck at GND due to stuck port clock ;
; sevenSeg~61                             ; Stuck at GND due to stuck port clock ;
; sevenSeg~62                             ; Stuck at GND due to stuck port clock ;
; sevenSeg~63                             ; Stuck at GND due to stuck port clock ;
; sevenSeg~64                             ; Stuck at GND due to stuck port clock ;
; sevenSeg~65                             ; Stuck at GND due to stuck port clock ;
; sevenSeg~66                             ; Stuck at GND due to stuck port clock ;
; sevenSeg~67                             ; Stuck at GND due to stuck port clock ;
; sevenSeg~68                             ; Stuck at GND due to stuck port clock ;
; sevenSeg~69                             ; Stuck at GND due to stuck port clock ;
; sevenSeg~70                             ; Stuck at GND due to stuck port clock ;
; sevenSeg~71                             ; Stuck at GND due to stuck port clock ;
; sevenSeg~72                             ; Stuck at GND due to stuck port clock ;
; sevenSeg~73                             ; Stuck at GND due to stuck port clock ;
; sevenSeg~74                             ; Stuck at GND due to stuck port clock ;
; sevenSeg~75                             ; Stuck at GND due to stuck port clock ;
; sevenSeg~76                             ; Stuck at GND due to stuck port clock ;
; sevenSeg~77                             ; Stuck at GND due to stuck port clock ;
; sevenSeg~78                             ; Stuck at GND due to stuck port clock ;
; sevenSeg~79                             ; Stuck at GND due to stuck port clock ;
; sevenSeg~80                             ; Stuck at GND due to stuck port clock ;
; sevenSeg~81                             ; Stuck at GND due to stuck port clock ;
; sevenSeg~82                             ; Stuck at GND due to stuck port clock ;
; sevenSeg~83                             ; Stuck at GND due to stuck port clock ;
; sevenSeg~84                             ; Stuck at GND due to stuck port clock ;
; sevenSeg~85                             ; Stuck at GND due to stuck port clock ;
; sevenSeg~86                             ; Stuck at GND due to stuck port clock ;
; sevenSeg~87                             ; Stuck at GND due to stuck port clock ;
; sevenSeg~88                             ; Stuck at GND due to stuck port clock ;
; sevenSeg~89                             ; Stuck at GND due to stuck port clock ;
; sevenSeg~90                             ; Stuck at GND due to stuck port clock ;
; sevenSeg~91                             ; Stuck at GND due to stuck port clock ;
; sevenSeg~92                             ; Stuck at GND due to stuck port clock ;
; sevenSeg~93                             ; Stuck at GND due to stuck port clock ;
; sevenSeg~94                             ; Stuck at GND due to stuck port clock ;
; sevenSeg~95                             ; Stuck at GND due to stuck port clock ;
; sevenSeg~96                             ; Stuck at GND due to stuck port clock ;
; sevenSeg~97                             ; Stuck at GND due to stuck port clock ;
; sevenSeg~98                             ; Stuck at GND due to stuck port clock ;
; sevenSeg~99                             ; Stuck at GND due to stuck port clock ;
; sevenSeg~100                            ; Stuck at GND due to stuck port clock ;
; sevenSeg~101                            ; Stuck at GND due to stuck port clock ;
; sevenSeg~102                            ; Stuck at GND due to stuck port clock ;
; sevenSeg~103                            ; Stuck at GND due to stuck port clock ;
; sevenSeg~104                            ; Stuck at GND due to stuck port clock ;
; sevenSeg~105                            ; Stuck at GND due to stuck port clock ;
; sevenSeg~106                            ; Stuck at GND due to stuck port clock ;
; sevenSeg~107                            ; Stuck at GND due to stuck port clock ;
; sevenSeg~108                            ; Stuck at GND due to stuck port clock ;
; sevenSeg~109                            ; Stuck at GND due to stuck port clock ;
; sevenSeg~110                            ; Stuck at GND due to stuck port clock ;
; sevenSeg~111                            ; Stuck at GND due to stuck port clock ;
; IF_Stage:IF|pc[9..31]                   ; Lost fanout                          ;
; Total Number of Removed Registers = 135 ;                                      ;
+-----------------------------------------+--------------------------------------+


+------------------------------------------------------+
; General Register Statistics                          ;
+----------------------------------------------+-------+
; Statistic                                    ; Value ;
+----------------------------------------------+-------+
; Total registers                              ; 8     ;
; Number of registers using Synchronous Clear  ; 0     ;
; Number of registers using Synchronous Load   ; 0     ;
; Number of registers using Asynchronous Clear ; 8     ;
; Number of registers using Asynchronous Load  ; 0     ;
; Number of registers using Clock Enable       ; 0     ;
; Number of registers using Preset             ; 0     ;
+----------------------------------------------+-------+


+------------------------------------------------------------------------+
; Registers Packed Into Inferred Megafunctions                           ;
+-----------------------------------------+-----------------------+------+
; Register Name                           ; Megafunction          ; Type ;
+-----------------------------------------+-----------------------+------+
; IF_Stage_reg:IF_reg|Instruction[21..24] ; IF_Stage:IF|ROM_rtl_0 ; RAM  ;
+-----------------------------------------+-----------------------+------+


+----------------------------------------------------------------------------------------+
; Source assignments for IF_Stage:IF|altsyncram:ROM_rtl_0|altsyncram_mk61:auto_generated ;
+---------------------------------+--------------------+------+--------------------------+
; Assignment                      ; Value              ; From ; To                       ;
+---------------------------------+--------------------+------+--------------------------+
; OPTIMIZE_POWER_DURING_SYNTHESIS ; NORMAL_COMPILATION ; -    ; -                        ;
+---------------------------------+--------------------+------+--------------------------+


+----------------------------------------------------------------------------------------------+
; Parameter Settings for Inferred Entity Instance: IF_Stage:IF|altsyncram:ROM_rtl_0            ;
+------------------------------------+----------------------------------------+----------------+
; Parameter Name                     ; Value                                  ; Type           ;
+------------------------------------+----------------------------------------+----------------+
; BYTE_SIZE_BLOCK                    ; 8                                      ; Untyped        ;
; AUTO_CARRY_CHAINS                  ; ON                                     ; AUTO_CARRY     ;
; IGNORE_CARRY_BUFFERS               ; OFF                                    ; IGNORE_CARRY   ;
; AUTO_CASCADE_CHAINS                ; ON                                     ; AUTO_CASCADE   ;
; IGNORE_CASCADE_BUFFERS             ; OFF                                    ; IGNORE_CASCADE ;
; WIDTH_BYTEENA                      ; 1                                      ; Untyped        ;
; OPERATION_MODE                     ; ROM                                    ; Untyped        ;
; WIDTH_A                            ; 32                                     ; Untyped        ;
; WIDTHAD_A                          ; 7                                      ; Untyped        ;
; NUMWORDS_A                         ; 128                                    ; Untyped        ;
; OUTDATA_REG_A                      ; UNREGISTERED                           ; Untyped        ;
; ADDRESS_ACLR_A                     ; NONE                                   ; Untyped        ;
; OUTDATA_ACLR_A                     ; NONE                                   ; Untyped        ;
; WRCONTROL_ACLR_A                   ; NONE                                   ; Untyped        ;
; INDATA_ACLR_A                      ; NONE                                   ; Untyped        ;
; BYTEENA_ACLR_A                     ; NONE                                   ; Untyped        ;
; WIDTH_B                            ; 1                                      ; Untyped        ;
; WIDTHAD_B                          ; 1                                      ; Untyped        ;
; NUMWORDS_B                         ; 1                                      ; Untyped        ;
; INDATA_REG_B                       ; CLOCK1                                 ; Untyped        ;
; WRCONTROL_WRADDRESS_REG_B          ; CLOCK1                                 ; Untyped        ;
; RDCONTROL_REG_B                    ; CLOCK1                                 ; Untyped        ;
; ADDRESS_REG_B                      ; CLOCK1                                 ; Untyped        ;
; OUTDATA_REG_B                      ; UNREGISTERED                           ; Untyped        ;
; BYTEENA_REG_B                      ; CLOCK1                                 ; Untyped        ;
; INDATA_ACLR_B                      ; NONE                                   ; Untyped        ;
; WRCONTROL_ACLR_B                   ; NONE                                   ; Untyped        ;
; ADDRESS_ACLR_B                     ; NONE                                   ; Untyped        ;
; OUTDATA_ACLR_B                     ; NONE                                   ; Untyped        ;
; RDCONTROL_ACLR_B                   ; NONE                                   ; Untyped        ;
; BYTEENA_ACLR_B                     ; NONE                                   ; Untyped        ;
; WIDTH_BYTEENA_A                    ; 1                                      ; Untyped        ;
; WIDTH_BYTEENA_B                    ; 1                                      ; Untyped        ;
; RAM_BLOCK_TYPE                     ; AUTO                                   ; Untyped        ;
; BYTE_SIZE                          ; 8                                      ; Untyped        ;
; READ_DURING_WRITE_MODE_MIXED_PORTS ; DONT_CARE                              ; Untyped        ;
; READ_DURING_WRITE_MODE_PORT_A      ; NEW_DATA_NO_NBE_READ                   ; Untyped        ;
; READ_DURING_WRITE_MODE_PORT_B      ; NEW_DATA_NO_NBE_READ                   ; Untyped        ;
; INIT_FILE                          ; db/Mips.ram0_IF_Stage_9ea88c47.hdl.mif ; Untyped        ;
; INIT_FILE_LAYOUT                   ; PORT_A                                 ; Untyped        ;
; MAXIMUM_DEPTH                      ; 0                                      ; Untyped        ;
; CLOCK_ENABLE_INPUT_A               ; NORMAL                                 ; Untyped        ;
; CLOCK_ENABLE_INPUT_B               ; NORMAL                                 ; Untyped        ;
; CLOCK_ENABLE_OUTPUT_A              ; NORMAL                                 ; Untyped        ;
; CLOCK_ENABLE_OUTPUT_B              ; NORMAL                                 ; Untyped        ;
; CLOCK_ENABLE_CORE_A                ; USE_INPUT_CLKEN                        ; Untyped        ;
; CLOCK_ENABLE_CORE_B                ; USE_INPUT_CLKEN                        ; Untyped        ;
; ENABLE_ECC                         ; FALSE                                  ; Untyped        ;
; ECC_PIPELINE_STAGE_ENABLED         ; FALSE                                  ; Untyped        ;
; WIDTH_ECCSTATUS                    ; 3                                      ; Untyped        ;
; DEVICE_FAMILY                      ; Cyclone II                             ; Untyped        ;
; CBXI_PARAMETER                     ; altsyncram_mk61                        ; Untyped        ;
+------------------------------------+----------------------------------------+----------------+
Note: In order to hide this table in the UI and the text report file, please set the "Show Parameter Settings in Synthesis Report" option in "Analysis and Synthesis Settings -> More Settings" to "Off".


+------------------------------------------------------------------------------+
; altsyncram Parameter Settings by Entity Instance                             ;
+-------------------------------------------+----------------------------------+
; Name                                      ; Value                            ;
+-------------------------------------------+----------------------------------+
; Number of entity instances                ; 1                                ;
; Entity Instance                           ; IF_Stage:IF|altsyncram:ROM_rtl_0 ;
;     -- OPERATION_MODE                     ; ROM                              ;
;     -- WIDTH_A                            ; 32                               ;
;     -- NUMWORDS_A                         ; 128                              ;
;     -- OUTDATA_REG_A                      ; UNREGISTERED                     ;
;     -- WIDTH_B                            ; 1                                ;
;     -- NUMWORDS_B                         ; 1                                ;
;     -- ADDRESS_REG_B                      ; CLOCK1                           ;
;     -- OUTDATA_REG_B                      ; UNREGISTERED                     ;
;     -- RAM_BLOCK_TYPE                     ; AUTO                             ;
;     -- READ_DURING_WRITE_MODE_MIXED_PORTS ; DONT_CARE                        ;
+-------------------------------------------+----------------------------------+


+----------------------------------------------------------------------------------------------------------------+
; Port Connectivity Checks: "WB_Stage:WB"                                                                        ;
+------+--------+----------+-------------------------------------------------------------------------------------+
; Port ; Type   ; Severity ; Details                                                                             ;
+------+--------+----------+-------------------------------------------------------------------------------------+
; PC   ; Output ; Info     ; Connected to dangling logic. Logic that only feeds a dangling port will be removed. ;
+------+--------+----------+-------------------------------------------------------------------------------------+


+-------------------------------------------------------------------------------------------------------------------------------+
; Port Connectivity Checks: "IF_Stage_reg:IF_reg"                                                                               ;
+---------------------+--------+----------+-------------------------------------------------------------------------------------+
; Port                ; Type   ; Severity ; Details                                                                             ;
+---------------------+--------+----------+-------------------------------------------------------------------------------------+
; Instruction[31..25] ; Output ; Info     ; Connected to dangling logic. Logic that only feeds a dangling port will be removed. ;
; Instruction[20..0]  ; Output ; Info     ; Connected to dangling logic. Logic that only feeds a dangling port will be removed. ;
+---------------------+--------+----------+-------------------------------------------------------------------------------------+


+-------------------------------+
; Elapsed Time Per Partition    ;
+----------------+--------------+
; Partition Name ; Elapsed Time ;
+----------------+--------------+
; Top            ; 00:00:01     ;
+----------------+--------------+


+-------------------------------+
; Analysis & Synthesis Messages ;
+-------------------------------+
Info: *******************************************************************
Info: Running Quartus II 64-Bit Analysis & Synthesis
    Info: Version 13.0.1 Build 232 06/12/2013 Service Pack 1 SJ Web Edition
    Info: Processing started: Tue Oct 09 15:59:18 2018
Info: Command: quartus_map --read_settings_files=on --write_settings_files=off Mips -c Mips
Warning (20028): Parallel compilation is not licensed and has been disabled
Info (12021): Found 1 design units, including 1 entities, in source file if_stage_reg.v
    Info (12023): Found entity 1: IF_Stage_reg
Info (12021): Found 1 design units, including 1 entities, in source file id_stage.v
    Info (12023): Found entity 1: ID_Stage
Info (12021): Found 1 design units, including 1 entities, in source file if_stage.v
    Info (12023): Found entity 1: IF_Stage
Info (12021): Found 1 design units, including 1 entities, in source file exe_stage.v
    Info (12023): Found entity 1: EXE_Stage
Info (12021): Found 1 design units, including 1 entities, in source file mem_stage.v
    Info (12023): Found entity 1: MEM_Stage
Info (12021): Found 1 design units, including 1 entities, in source file id_stage_reg.v
    Info (12023): Found entity 1: ID_Stage_reg
Info (12021): Found 1 design units, including 1 entities, in source file exe_stage_reg.v
    Info (12023): Found entity 1: EXE_Stage_reg
Info (12021): Found 1 design units, including 1 entities, in source file mem_stage_reg.v
    Info (12023): Found entity 1: MEM_Stage_reg
Info (12021): Found 1 design units, including 1 entities, in source file wb_stage_reg.v
    Info (12023): Found entity 1: WB_Stage_reg
Info (12021): Found 1 design units, including 1 entities, in source file wb_stage.v
    Info (12023): Found entity 1: WB_Stage
Info (12021): Found 1 design units, including 1 entities, in source file mips.v
    Info (12023): Found entity 1: MIPS
Info (12127): Elaborating entity "MIPS" for the top level hierarchy
Warning (10030): Net "sevenSeg.data_a" at MIPS.v(318) has no driver or initial value, using a default initial value '0'
Warning (10030): Net "sevenSeg.waddr_a" at MIPS.v(318) has no driver or initial value, using a default initial value '0'
Warning (10030): Net "sevenSeg.we_a" at MIPS.v(318) has no driver or initial value, using a default initial value '0'
Warning (10034): Output port "HEX0" at MIPS.v(187) has no driver
Warning (10034): Output port "HEX1" at MIPS.v(188) has no driver
Warning (10034): Output port "HEX2" at MIPS.v(189) has no driver
Warning (10034): Output port "HEX4" at MIPS.v(191) has no driver
Warning (10034): Output port "HEX5" at MIPS.v(192) has no driver
Warning (10034): Output port "HEX6" at MIPS.v(193) has no driver
Warning (10034): Output port "LEDG" at MIPS.v(196) has no driver
Warning (10034): Output port "LEDR" at MIPS.v(197) has no driver
Warning (10034): Output port "DRAM_ADDR" at MIPS.v(206) has no driver
Warning (10034): Output port "FL_ADDR" at MIPS.v(219) has no driver
Warning (10034): Output port "SRAM_ADDR" at MIPS.v(226) has no driver
Warning (10034): Output port "OTG_ADDR" at MIPS.v(234) has no driver
Warning (10034): Output port "VGA_R" at MIPS.v(276) has no driver
Warning (10034): Output port "VGA_G" at MIPS.v(277) has no driver
Warning (10034): Output port "VGA_B" at MIPS.v(278) has no driver
Warning (10034): Output port "DRAM_LDQM" at MIPS.v(207) has no driver
Warning (10034): Output port "DRAM_UDQM" at MIPS.v(208) has no driver
Warning (10034): Output port "DRAM_WE_N" at MIPS.v(209) has no driver
Warning (10034): Output port "DRAM_CAS_N" at MIPS.v(210) has no driver
Warning (10034): Output port "DRAM_RAS_N" at MIPS.v(211) has no driver
Warning (10034): Output port "DRAM_CS_N" at MIPS.v(212) has no driver
Warning (10034): Output port "DRAM_BA_0" at MIPS.v(213) has no driver
Warning (10034): Output port "DRAM_BA_1" at MIPS.v(214) has no driver
Warning (10034): Output port "DRAM_CLK" at MIPS.v(215) has no driver
Warning (10034): Output port "DRAM_CKE" at MIPS.v(216) has no driver
Warning (10034): Output port "FL_WE_N" at MIPS.v(220) has no driver
Warning (10034): Output port "FL_RST_N" at MIPS.v(221) has no driver
Warning (10034): Output port "FL_OE_N" at MIPS.v(222) has no driver
Warning (10034): Output port "FL_CE_N" at MIPS.v(223) has no driver
Warning (10034): Output port "SRAM_UB_N" at MIPS.v(227) has no driver
Warning (10034): Output port "SRAM_LB_N" at MIPS.v(228) has no driver
Warning (10034): Output port "SRAM_WE_N" at MIPS.v(229) has no driver
Warning (10034): Output port "SRAM_CE_N" at MIPS.v(230) has no driver
Warning (10034): Output port "SRAM_OE_N" at MIPS.v(231) has no driver
Warning (10034): Output port "OTG_CS_N" at MIPS.v(235) has no driver
Warning (10034): Output port "OTG_RD_N" at MIPS.v(236) has no driver
Warning (10034): Output port "OTG_WR_N" at MIPS.v(237) has no driver
Warning (10034): Output port "OTG_RST_N" at MIPS.v(238) has no driver
Warning (10034): Output port "OTG_FSPEED" at MIPS.v(239) has no driver
Warning (10034): Output port "OTG_LSPEED" at MIPS.v(240) has no driver
Warning (10034): Output port "OTG_DACK0_N" at MIPS.v(245) has no driver
Warning (10034): Output port "OTG_DACK1_N" at MIPS.v(246) has no driver
Warning (10034): Output port "LCD_ON" at MIPS.v(249) has no driver
Warning (10034): Output port "LCD_BLON" at MIPS.v(250) has no driver
Warning (10034): Output port "LCD_RW" at MIPS.v(251) has no driver
Warning (10034): Output port "LCD_EN" at MIPS.v(252) has no driver
Warning (10034): Output port "LCD_RS" at MIPS.v(253) has no driver
Warning (10034): Output port "TDO" at MIPS.v(269) has no driver
Warning (10034): Output port "I2C_SCLK" at MIPS.v(261) has no driver
Warning (10034): Output port "VGA_CLK" at MIPS.v(271) has no driver
Warning (10034): Output port "VGA_HS" at MIPS.v(272) has no driver
Warning (10034): Output port "VGA_VS" at MIPS.v(273) has no driver
Warning (10034): Output port "VGA_BLANK" at MIPS.v(274) has no driver
Warning (10034): Output port "VGA_SYNC" at MIPS.v(275) has no driver
Warning (10034): Output port "ENET_CMD" at MIPS.v(281) has no driver
Warning (10034): Output port "ENET_CS_N" at MIPS.v(282) has no driver
Warning (10034): Output port "ENET_WR_N" at MIPS.v(283) has no driver
Warning (10034): Output port "ENET_RD_N" at MIPS.v(284) has no driver
Warning (10034): Output port "ENET_RST_N" at MIPS.v(285) has no driver
Warning (10034): Output port "ENET_CLK" at MIPS.v(287) has no driver
Warning (10034): Output port "AUD_DACDAT" at MIPS.v(292) has no driver
Warning (10034): Output port "AUD_XCK" at MIPS.v(294) has no driver
Warning (10034): Output port "TD_RESET" at MIPS.v(299) has no driver
Info (12128): Elaborating entity "IF_Stage" for hierarchy "IF_Stage:IF"
Warning (10240): Verilog HDL Always Construct warning at IF_Stage.v(21): inferring latch(es) for variable "pc", which holds its previous value in one or more paths through the always construct
Warning (10030): Net "ROM.data_a" at IF_Stage.v(9) has no driver or initial value, using a default initial value '0'
Warning (10030): Net "ROM.waddr_a" at IF_Stage.v(9) has no driver or initial value, using a default initial value '0'
Warning (10030): Net "ROM.we_a" at IF_Stage.v(9) has no driver or initial value, using a default initial value '0'
Info (10041): Inferred latch for "pc[0]" at IF_Stage.v(21)
Info (10041): Inferred latch for "pc[1]" at IF_Stage.v(21)
Info (12128): Elaborating entity "IF_Stage_reg" for hierarchy "IF_Stage_reg:IF_reg"
Info (12128): Elaborating entity "ID_Stage" for hierarchy "ID_Stage:ID"
Info (12128): Elaborating entity "ID_Stage_reg" for hierarchy "ID_Stage_reg:ID_reg"
Info (12128): Elaborating entity "EXE_Stage" for hierarchy "EXE_Stage:EXE"
Info (12128): Elaborating entity "EXE_Stage_reg" for hierarchy "EXE_Stage_reg:EXE_reg"
Info (12128): Elaborating entity "MEM_Stage" for hierarchy "MEM_Stage:MEM"
Info (12128): Elaborating entity "MEM_Stage_reg" for hierarchy "MEM_Stage_reg:MEM_reg"
Info (12128): Elaborating entity "WB_Stage" for hierarchy "WB_Stage:WB"
Info (276014): Found 1 instances of uninferred RAM logic
    Info (276004): RAM logic "sevenSeg" is uninferred due to inappropriate RAM size
Info (19000): Inferred 1 megafunctions from design logic
    Info (276029): Inferred altsyncram megafunction from the following design logic: "IF_Stage:IF|ROM_rtl_0" 
        Info (286033): Parameter OPERATION_MODE set to ROM
        Info (286033): Parameter WIDTH_A set to 32
        Info (286033): Parameter WIDTHAD_A set to 7
        Info (286033): Parameter NUMWORDS_A set to 128
        Info (286033): Parameter OUTDATA_REG_A set to UNREGISTERED
        Info (286033): Parameter ADDRESS_ACLR_A set to NONE
        Info (286033): Parameter OUTDATA_ACLR_A set to NONE
        Info (286033): Parameter INDATA_ACLR_A set to NONE
        Info (286033): Parameter WRCONTROL_ACLR_A set to NONE
        Info (286033): Parameter INIT_FILE set to db/Mips.ram0_IF_Stage_9ea88c47.hdl.mif
Info (12130): Elaborated megafunction instantiation "IF_Stage:IF|altsyncram:ROM_rtl_0"
Info (12133): Instantiated megafunction "IF_Stage:IF|altsyncram:ROM_rtl_0" with the following parameter:
    Info (12134): Parameter "OPERATION_MODE" = "ROM"
    Info (12134): Parameter "WIDTH_A" = "32"
    Info (12134): Parameter "WIDTHAD_A" = "7"
    Info (12134): Parameter "NUMWORDS_A" = "128"
    Info (12134): Parameter "OUTDATA_REG_A" = "UNREGISTERED"
    Info (12134): Parameter "ADDRESS_ACLR_A" = "NONE"
    Info (12134): Parameter "OUTDATA_ACLR_A" = "NONE"
    Info (12134): Parameter "INDATA_ACLR_A" = "NONE"
    Info (12134): Parameter "WRCONTROL_ACLR_A" = "NONE"
    Info (12134): Parameter "INIT_FILE" = "db/Mips.ram0_IF_Stage_9ea88c47.hdl.mif"
Info (12021): Found 1 design units, including 1 entities, in source file db/altsyncram_mk61.tdf
    Info (12023): Found entity 1: altsyncram_mk61
Warning (127007): Memory Initialization File or Hexadecimal (Intel-Format) File "//Mac/Google Drive/University/Semester 7/CA Lab/Mips/db/Mips.ram0_IF_Stage_9ea88c47.hdl.mif" contains "don't care" values -- overwriting them with 0s
Warning (127007): Memory Initialization File or Hexadecimal (Intel-Format) File "//Mac/Google Drive/University/Semester 7/CA Lab/Mips/db/Mips.ram0_IF_Stage_9ea88c47.hdl.mif" contains "don't care" values -- overwriting them with 0s
Warning (14284): Synthesized away the following node(s):
    Warning (14285): Synthesized away the following RAM node(s):
        Warning (14320): Synthesized away node "IF_Stage:IF|altsyncram:ROM_rtl_0|altsyncram_mk61:auto_generated|ram_block1a0"
        Warning (14320): Synthesized away node "IF_Stage:IF|altsyncram:ROM_rtl_0|altsyncram_mk61:auto_generated|ram_block1a1"
        Warning (14320): Synthesized away node "IF_Stage:IF|altsyncram:ROM_rtl_0|altsyncram_mk61:auto_generated|ram_block1a2"
        Warning (14320): Synthesized away node "IF_Stage:IF|altsyncram:ROM_rtl_0|altsyncram_mk61:auto_generated|ram_block1a3"
        Warning (14320): Synthesized away node "IF_Stage:IF|altsyncram:ROM_rtl_0|altsyncram_mk61:auto_generated|ram_block1a4"
        Warning (14320): Synthesized away node "IF_Stage:IF|altsyncram:ROM_rtl_0|altsyncram_mk61:auto_generated|ram_block1a5"
        Warning (14320): Synthesized away node "IF_Stage:IF|altsyncram:ROM_rtl_0|altsyncram_mk61:auto_generated|ram_block1a6"
        Warning (14320): Synthesized away node "IF_Stage:IF|altsyncram:ROM_rtl_0|altsyncram_mk61:auto_generated|ram_block1a7"
        Warning (14320): Synthesized away node "IF_Stage:IF|altsyncram:ROM_rtl_0|altsyncram_mk61:auto_generated|ram_block1a8"
        Warning (14320): Synthesized away node "IF_Stage:IF|altsyncram:ROM_rtl_0|altsyncram_mk61:auto_generated|ram_block1a9"
        Warning (14320): Synthesized away node "IF_Stage:IF|altsyncram:ROM_rtl_0|altsyncram_mk61:auto_generated|ram_block1a10"
        Warning (14320): Synthesized away node "IF_Stage:IF|altsyncram:ROM_rtl_0|altsyncram_mk61:auto_generated|ram_block1a11"
        Warning (14320): Synthesized away node "IF_Stage:IF|altsyncram:ROM_rtl_0|altsyncram_mk61:auto_generated|ram_block1a12"
        Warning (14320): Synthesized away node "IF_Stage:IF|altsyncram:ROM_rtl_0|altsyncram_mk61:auto_generated|ram_block1a13"
        Warning (14320): Synthesized away node "IF_Stage:IF|altsyncram:ROM_rtl_0|altsyncram_mk61:auto_generated|ram_block1a14"
        Warning (14320): Synthesized away node "IF_Stage:IF|altsyncram:ROM_rtl_0|altsyncram_mk61:auto_generated|ram_block1a15"
        Warning (14320): Synthesized away node "IF_Stage:IF|altsyncram:ROM_rtl_0|altsyncram_mk61:auto_generated|ram_block1a16"
        Warning (14320): Synthesized away node "IF_Stage:IF|altsyncram:ROM_rtl_0|altsyncram_mk61:auto_generated|ram_block1a17"
        Warning (14320): Synthesized away node "IF_Stage:IF|altsyncram:ROM_rtl_0|altsyncram_mk61:auto_generated|ram_block1a18"
        Warning (14320): Synthesized away node "IF_Stage:IF|altsyncram:ROM_rtl_0|altsyncram_mk61:auto_generated|ram_block1a19"
        Warning (14320): Synthesized away node "IF_Stage:IF|altsyncram:ROM_rtl_0|altsyncram_mk61:auto_generated|ram_block1a20"
        Warning (14320): Synthesized away node "IF_Stage:IF|altsyncram:ROM_rtl_0|altsyncram_mk61:auto_generated|ram_block1a25"
        Warning (14320): Synthesized away node "IF_Stage:IF|altsyncram:ROM_rtl_0|altsyncram_mk61:auto_generated|ram_block1a26"
        Warning (14320): Synthesized away node "IF_Stage:IF|altsyncram:ROM_rtl_0|altsyncram_mk61:auto_generated|ram_block1a27"
        Warning (14320): Synthesized away node "IF_Stage:IF|altsyncram:ROM_rtl_0|altsyncram_mk61:auto_generated|ram_block1a28"
        Warning (14320): Synthesized away node "IF_Stage:IF|altsyncram:ROM_rtl_0|altsyncram_mk61:auto_generated|ram_block1a29"
        Warning (14320): Synthesized away node "IF_Stage:IF|altsyncram:ROM_rtl_0|altsyncram_mk61:auto_generated|ram_block1a30"
        Warning (14320): Synthesized away node "IF_Stage:IF|altsyncram:ROM_rtl_0|altsyncram_mk61:auto_generated|ram_block1a31"
Warning (13039): The following bidir pins have no drivers
    Warning (13040): Bidir "DRAM_DQ[0]" has no driver
    Warning (13040): Bidir "DRAM_DQ[1]" has no driver
    Warning (13040): Bidir "DRAM_DQ[2]" has no driver
    Warning (13040): Bidir "DRAM_DQ[3]" has no driver
    Warning (13040): Bidir "DRAM_DQ[4]" has no driver
    Warning (13040): Bidir "DRAM_DQ[5]" has no driver
    Warning (13040): Bidir "DRAM_DQ[6]" has no driver
    Warning (13040): Bidir "DRAM_DQ[7]" has no driver
    Warning (13040): Bidir "DRAM_DQ[8]" has no driver
    Warning (13040): Bidir "DRAM_DQ[9]" has no driver
    Warning (13040): Bidir "DRAM_DQ[10]" has no driver
    Warning (13040): Bidir "DRAM_DQ[11]" has no driver
    Warning (13040): Bidir "DRAM_DQ[12]" has no driver
    Warning (13040): Bidir "DRAM_DQ[13]" has no driver
    Warning (13040): Bidir "DRAM_DQ[14]" has no driver
    Warning (13040): Bidir "DRAM_DQ[15]" has no driver
    Warning (13040): Bidir "FL_DQ[0]" has no driver
    Warning (13040): Bidir "FL_DQ[1]" has no driver
    Warning (13040): Bidir "FL_DQ[2]" has no driver
    Warning (13040): Bidir "FL_DQ[3]" has no driver
    Warning (13040): Bidir "FL_DQ[4]" has no driver
    Warning (13040): Bidir "FL_DQ[5]" has no driver
    Warning (13040): Bidir "FL_DQ[6]" has no driver
    Warning (13040): Bidir "FL_DQ[7]" has no driver
    Warning (13040): Bidir "SRAM_DQ[0]" has no driver
    Warning (13040): Bidir "SRAM_DQ[1]" has no driver
    Warning (13040): Bidir "SRAM_DQ[2]" has no driver
    Warning (13040): Bidir "SRAM_DQ[3]" has no driver
    Warning (13040): Bidir "SRAM_DQ[4]" has no driver
    Warning (13040): Bidir "SRAM_DQ[5]" has no driver
    Warning (13040): Bidir "SRAM_DQ[6]" has no driver
    Warning (13040): Bidir "SRAM_DQ[7]" has no driver
    Warning (13040): Bidir "SRAM_DQ[8]" has no driver
    Warning (13040): Bidir "SRAM_DQ[9]" has no driver
    Warning (13040): Bidir "SRAM_DQ[10]" has no driver
    Warning (13040): Bidir "SRAM_DQ[11]" has no driver
    Warning (13040): Bidir "SRAM_DQ[12]" has no driver
    Warning (13040): Bidir "SRAM_DQ[13]" has no driver
    Warning (13040): Bidir "SRAM_DQ[14]" has no driver
    Warning (13040): Bidir "SRAM_DQ[15]" has no driver
    Warning (13040): Bidir "OTG_DATA[0]" has no driver
    Warning (13040): Bidir "OTG_DATA[1]" has no driver
    Warning (13040): Bidir "OTG_DATA[2]" has no driver
    Warning (13040): Bidir "OTG_DATA[3]" has no driver
    Warning (13040): Bidir "OTG_DATA[4]" has no driver
    Warning (13040): Bidir "OTG_DATA[5]" has no driver
    Warning (13040): Bidir "OTG_DATA[6]" has no driver
    Warning (13040): Bidir "OTG_DATA[7]" has no driver
    Warning (13040): Bidir "OTG_DATA[8]" has no driver
    Warning (13040): Bidir "OTG_DATA[9]" has no driver
    Warning (13040): Bidir "OTG_DATA[10]" has no driver
    Warning (13040): Bidir "OTG_DATA[11]" has no driver
    Warning (13040): Bidir "OTG_DATA[12]" has no driver
    Warning (13040): Bidir "OTG_DATA[13]" has no driver
    Warning (13040): Bidir "OTG_DATA[14]" has no driver
    Warning (13040): Bidir "OTG_DATA[15]" has no driver
    Warning (13040): Bidir "LCD_DATA[0]" has no driver
    Warning (13040): Bidir "LCD_DATA[1]" has no driver
    Warning (13040): Bidir "LCD_DATA[2]" has no driver
    Warning (13040): Bidir "LCD_DATA[3]" has no driver
    Warning (13040): Bidir "LCD_DATA[4]" has no driver
    Warning (13040): Bidir "LCD_DATA[5]" has no driver
    Warning (13040): Bidir "LCD_DATA[6]" has no driver
    Warning (13040): Bidir "LCD_DATA[7]" has no driver
    Warning (13040): Bidir "I2C_SDAT" has no driver
    Warning (13040): Bidir "ENET_DATA[0]" has no driver
    Warning (13040): Bidir "ENET_DATA[1]" has no driver
    Warning (13040): Bidir "ENET_DATA[2]" has no driver
    Warning (13040): Bidir "ENET_DATA[3]" has no driver
    Warning (13040): Bidir "ENET_DATA[4]" has no driver
    Warning (13040): Bidir "ENET_DATA[5]" has no driver
    Warning (13040): Bidir "ENET_DATA[6]" has no driver
    Warning (13040): Bidir "ENET_DATA[7]" has no driver
    Warning (13040): Bidir "ENET_DATA[8]" has no driver
    Warning (13040): Bidir "ENET_DATA[9]" has no driver
    Warning (13040): Bidir "ENET_DATA[10]" has no driver
    Warning (13040): Bidir "ENET_DATA[11]" has no driver
    Warning (13040): Bidir "ENET_DATA[12]" has no driver
    Warning (13040): Bidir "ENET_DATA[13]" has no driver
    Warning (13040): Bidir "ENET_DATA[14]" has no driver
    Warning (13040): Bidir "ENET_DATA[15]" has no driver
    Warning (13040): Bidir "AUD_ADCLRCK" has no driver
    Warning (13040): Bidir "AUD_DACLRCK" has no driver
    Warning (13040): Bidir "AUD_BCLK" has no driver
    Warning (13040): Bidir "GPIO_0[0]" has no driver
    Warning (13040): Bidir "GPIO_0[1]" has no driver
    Warning (13040): Bidir "GPIO_0[2]" has no driver
    Warning (13040): Bidir "GPIO_0[3]" has no driver
    Warning (13040): Bidir "GPIO_0[4]" has no driver
    Warning (13040): Bidir "GPIO_0[5]" has no driver
    Warning (13040): Bidir "GPIO_0[6]" has no driver
    Warning (13040): Bidir "GPIO_0[7]" has no driver
    Warning (13040): Bidir "GPIO_0[8]" has no driver
    Warning (13040): Bidir "GPIO_0[9]" has no driver
    Warning (13040): Bidir "GPIO_0[10]" has no driver
    Warning (13040): Bidir "GPIO_0[11]" has no driver
    Warning (13040): Bidir "GPIO_0[12]" has no driver
    Warning (13040): Bidir "GPIO_0[13]" has no driver
    Warning (13040): Bidir "GPIO_0[14]" has no driver
    Warning (13040): Bidir "GPIO_0[15]" has no driver
    Warning (13040): Bidir "GPIO_0[16]" has no driver
    Warning (13040): Bidir "GPIO_0[17]" has no driver
    Warning (13040): Bidir "GPIO_0[18]" has no driver
    Warning (13040): Bidir "GPIO_0[19]" has no driver
    Warning (13040): Bidir "GPIO_0[20]" has no driver
    Warning (13040): Bidir "GPIO_0[21]" has no driver
    Warning (13040): Bidir "GPIO_0[22]" has no driver
    Warning (13040): Bidir "GPIO_0[23]" has no driver
    Warning (13040): Bidir "GPIO_0[24]" has no driver
    Warning (13040): Bidir "GPIO_0[25]" has no driver
    Warning (13040): Bidir "GPIO_0[26]" has no driver
    Warning (13040): Bidir "GPIO_0[27]" has no driver
    Warning (13040): Bidir "GPIO_0[28]" has no driver
    Warning (13040): Bidir "GPIO_0[29]" has no driver
    Warning (13040): Bidir "GPIO_0[30]" has no driver
    Warning (13040): Bidir "GPIO_0[31]" has no driver
    Warning (13040): Bidir "GPIO_0[32]" has no driver
    Warning (13040): Bidir "GPIO_0[33]" has no driver
    Warning (13040): Bidir "GPIO_0[34]" has no driver
    Warning (13040): Bidir "GPIO_0[35]" has no driver
    Warning (13040): Bidir "GPIO_1[0]" has no driver
    Warning (13040): Bidir "GPIO_1[1]" has no driver
    Warning (13040): Bidir "GPIO_1[2]" has no driver
    Warning (13040): Bidir "GPIO_1[3]" has no driver
    Warning (13040): Bidir "GPIO_1[4]" has no driver
    Warning (13040): Bidir "GPIO_1[5]" has no driver
    Warning (13040): Bidir "GPIO_1[6]" has no driver
    Warning (13040): Bidir "GPIO_1[7]" has no driver
    Warning (13040): Bidir "GPIO_1[8]" has no driver
    Warning (13040): Bidir "GPIO_1[9]" has no driver
    Warning (13040): Bidir "GPIO_1[10]" has no driver
    Warning (13040): Bidir "GPIO_1[11]" has no driver
    Warning (13040): Bidir "GPIO_1[12]" has no driver
    Warning (13040): Bidir "GPIO_1[13]" has no driver
    Warning (13040): Bidir "GPIO_1[14]" has no driver
    Warning (13040): Bidir "GPIO_1[15]" has no driver
    Warning (13040): Bidir "GPIO_1[16]" has no driver
    Warning (13040): Bidir "GPIO_1[17]" has no driver
    Warning (13040): Bidir "GPIO_1[18]" has no driver
    Warning (13040): Bidir "GPIO_1[19]" has no driver
    Warning (13040): Bidir "GPIO_1[20]" has no driver
    Warning (13040): Bidir "GPIO_1[21]" has no driver
    Warning (13040): Bidir "GPIO_1[22]" has no driver
    Warning (13040): Bidir "GPIO_1[23]" has no driver
    Warning (13040): Bidir "GPIO_1[24]" has no driver
    Warning (13040): Bidir "GPIO_1[25]" has no driver
    Warning (13040): Bidir "GPIO_1[26]" has no driver
    Warning (13040): Bidir "GPIO_1[27]" has no driver
    Warning (13040): Bidir "GPIO_1[28]" has no driver
    Warning (13040): Bidir "GPIO_1[29]" has no driver
    Warning (13040): Bidir "GPIO_1[30]" has no driver
    Warning (13040): Bidir "GPIO_1[31]" has no driver
    Warning (13040): Bidir "GPIO_1[32]" has no driver
    Warning (13040): Bidir "GPIO_1[33]" has no driver
    Warning (13040): Bidir "GPIO_1[34]" has no driver
    Warning (13040): Bidir "GPIO_1[35]" has no driver
Warning (13024): Output pins are stuck at VCC or GND
    Warning (13410): Pin "HEX0[0]" is stuck at GND
    Warning (13410): Pin "HEX0[1]" is stuck at GND
    Warning (13410): Pin "HEX0[2]" is stuck at GND
    Warning (13410): Pin "HEX0[3]" is stuck at GND
    Warning (13410): Pin "HEX0[4]" is stuck at GND
    Warning (13410): Pin "HEX0[5]" is stuck at GND
    Warning (13410): Pin "HEX0[6]" is stuck at GND
    Warning (13410): Pin "HEX1[0]" is stuck at GND
    Warning (13410): Pin "HEX1[1]" is stuck at GND
    Warning (13410): Pin "HEX1[2]" is stuck at GND
    Warning (13410): Pin "HEX1[3]" is stuck at GND
    Warning (13410): Pin "HEX1[4]" is stuck at GND
    Warning (13410): Pin "HEX1[5]" is stuck at GND
    Warning (13410): Pin "HEX1[6]" is stuck at GND
    Warning (13410): Pin "HEX2[0]" is stuck at GND
    Warning (13410): Pin "HEX2[1]" is stuck at GND
    Warning (13410): Pin "HEX2[2]" is stuck at GND
    Warning (13410): Pin "HEX2[3]" is stuck at GND
    Warning (13410): Pin "HEX2[4]" is stuck at GND
    Warning (13410): Pin "HEX2[5]" is stuck at GND
    Warning (13410): Pin "HEX2[6]" is stuck at GND
    Warning (13410): Pin "HEX4[0]" is stuck at GND
    Warning (13410): Pin "HEX4[1]" is stuck at GND
    Warning (13410): Pin "HEX4[2]" is stuck at GND
    Warning (13410): Pin "HEX4[3]" is stuck at GND
    Warning (13410): Pin "HEX4[4]" is stuck at GND
    Warning (13410): Pin "HEX4[5]" is stuck at GND
    Warning (13410): Pin "HEX4[6]" is stuck at GND
    Warning (13410): Pin "HEX5[0]" is stuck at GND
    Warning (13410): Pin "HEX5[1]" is stuck at GND
    Warning (13410): Pin "HEX5[2]" is stuck at GND
    Warning (13410): Pin "HEX5[3]" is stuck at GND
    Warning (13410): Pin "HEX5[4]" is stuck at GND
    Warning (13410): Pin "HEX5[5]" is stuck at GND
    Warning (13410): Pin "HEX5[6]" is stuck at GND
    Warning (13410): Pin "HEX6[0]" is stuck at GND
    Warning (13410): Pin "HEX6[1]" is stuck at GND
    Warning (13410): Pin "HEX6[2]" is stuck at GND
    Warning (13410): Pin "HEX6[3]" is stuck at GND
    Warning (13410): Pin "HEX6[4]" is stuck at GND
    Warning (13410): Pin "HEX6[5]" is stuck at GND
    Warning (13410): Pin "HEX6[6]" is stuck at GND
    Warning (13410): Pin "LEDG[0]" is stuck at GND
    Warning (13410): Pin "LEDG[1]" is stuck at GND
    Warning (13410): Pin "LEDG[2]" is stuck at GND
    Warning (13410): Pin "LEDG[3]" is stuck at GND
    Warning (13410): Pin "LEDG[4]" is stuck at GND
    Warning (13410): Pin "LEDG[5]" is stuck at GND
    Warning (13410): Pin "LEDG[6]" is stuck at GND
    Warning (13410): Pin "LEDG[7]" is stuck at GND
    Warning (13410): Pin "LEDG[8]" is stuck at GND
    Warning (13410): Pin "LEDR[0]" is stuck at GND
    Warning (13410): Pin "LEDR[1]" is stuck at GND
    Warning (13410): Pin "LEDR[2]" is stuck at GND
    Warning (13410): Pin "LEDR[3]" is stuck at GND
    Warning (13410): Pin "LEDR[4]" is stuck at GND
    Warning (13410): Pin "LEDR[5]" is stuck at GND
    Warning (13410): Pin "LEDR[6]" is stuck at GND
    Warning (13410): Pin "LEDR[7]" is stuck at GND
    Warning (13410): Pin "LEDR[8]" is stuck at GND
    Warning (13410): Pin "LEDR[9]" is stuck at GND
    Warning (13410): Pin "LEDR[10]" is stuck at GND
    Warning (13410): Pin "LEDR[11]" is stuck at GND
    Warning (13410): Pin "LEDR[12]" is stuck at GND
    Warning (13410): Pin "LEDR[13]" is stuck at GND
    Warning (13410): Pin "LEDR[14]" is stuck at GND
    Warning (13410): Pin "LEDR[15]" is stuck at GND
    Warning (13410): Pin "LEDR[16]" is stuck at GND
    Warning (13410): Pin "LEDR[17]" is stuck at GND
    Warning (13410): Pin "DRAM_ADDR[0]" is stuck at GND
    Warning (13410): Pin "DRAM_ADDR[1]" is stuck at GND
    Warning (13410): Pin "DRAM_ADDR[2]" is stuck at GND
    Warning (13410): Pin "DRAM_ADDR[3]" is stuck at GND
    Warning (13410): Pin "DRAM_ADDR[4]" is stuck at GND
    Warning (13410): Pin "DRAM_ADDR[5]" is stuck at GND
    Warning (13410): Pin "DRAM_ADDR[6]" is stuck at GND
    Warning (13410): Pin "DRAM_ADDR[7]" is stuck at GND
    Warning (13410): Pin "DRAM_ADDR[8]" is stuck at GND
    Warning (13410): Pin "DRAM_ADDR[9]" is stuck at GND
    Warning (13410): Pin "DRAM_ADDR[10]" is stuck at GND
    Warning (13410): Pin "DRAM_ADDR[11]" is stuck at GND
    Warning (13410): Pin "DRAM_LDQM" is stuck at GND
    Warning (13410): Pin "DRAM_UDQM" is stuck at GND
    Warning (13410): Pin "DRAM_WE_N" is stuck at GND
    Warning (13410): Pin "DRAM_CAS_N" is stuck at GND
    Warning (13410): Pin "DRAM_RAS_N" is stuck at GND
    Warning (13410): Pin "DRAM_CS_N" is stuck at GND
    Warning (13410): Pin "DRAM_BA_0" is stuck at GND
    Warning (13410): Pin "DRAM_BA_1" is stuck at GND
    Warning (13410): Pin "DRAM_CLK" is stuck at GND
    Warning (13410): Pin "DRAM_CKE" is stuck at GND
    Warning (13410): Pin "FL_ADDR[0]" is stuck at GND
    Warning (13410): Pin "FL_ADDR[1]" is stuck at GND
    Warning (13410): Pin "FL_ADDR[2]" is stuck at GND
    Warning (13410): Pin "FL_ADDR[3]" is stuck at GND
    Warning (13410): Pin "FL_ADDR[4]" is stuck at GND
    Warning (13410): Pin "FL_ADDR[5]" is stuck at GND
    Warning (13410): Pin "FL_ADDR[6]" is stuck at GND
    Warning (13410): Pin "FL_ADDR[7]" is stuck at GND
    Warning (13410): Pin "FL_ADDR[8]" is stuck at GND
    Warning (13410): Pin "FL_ADDR[9]" is stuck at GND
    Warning (13410): Pin "FL_ADDR[10]" is stuck at GND
    Warning (13410): Pin "FL_ADDR[11]" is stuck at GND
    Warning (13410): Pin "FL_ADDR[12]" is stuck at GND
    Warning (13410): Pin "FL_ADDR[13]" is stuck at GND
    Warning (13410): Pin "FL_ADDR[14]" is stuck at GND
    Warning (13410): Pin "FL_ADDR[15]" is stuck at GND
    Warning (13410): Pin "FL_ADDR[16]" is stuck at GND
    Warning (13410): Pin "FL_ADDR[17]" is stuck at GND
    Warning (13410): Pin "FL_ADDR[18]" is stuck at GND
    Warning (13410): Pin "FL_ADDR[19]" is stuck at GND
    Warning (13410): Pin "FL_ADDR[20]" is stuck at GND
    Warning (13410): Pin "FL_ADDR[21]" is stuck at GND
    Warning (13410): Pin "FL_WE_N" is stuck at GND
    Warning (13410): Pin "FL_RST_N" is stuck at GND
    Warning (13410): Pin "FL_OE_N" is stuck at GND
    Warning (13410): Pin "FL_CE_N" is stuck at GND
    Warning (13410): Pin "SRAM_ADDR[0]" is stuck at GND
    Warning (13410): Pin "SRAM_ADDR[1]" is stuck at GND
    Warning (13410): Pin "SRAM_ADDR[2]" is stuck at GND
    Warning (13410): Pin "SRAM_ADDR[3]" is stuck at GND
    Warning (13410): Pin "SRAM_ADDR[4]" is stuck at GND
    Warning (13410): Pin "SRAM_ADDR[5]" is stuck at GND
    Warning (13410): Pin "SRAM_ADDR[6]" is stuck at GND
    Warning (13410): Pin "SRAM_ADDR[7]" is stuck at GND
    Warning (13410): Pin "SRAM_ADDR[8]" is stuck at GND
    Warning (13410): Pin "SRAM_ADDR[9]" is stuck at GND
    Warning (13410): Pin "SRAM_ADDR[10]" is stuck at GND
    Warning (13410): Pin "SRAM_ADDR[11]" is stuck at GND
    Warning (13410): Pin "SRAM_ADDR[12]" is stuck at GND
    Warning (13410): Pin "SRAM_ADDR[13]" is stuck at GND
    Warning (13410): Pin "SRAM_ADDR[14]" is stuck at GND
    Warning (13410): Pin "SRAM_ADDR[15]" is stuck at GND
    Warning (13410): Pin "SRAM_ADDR[16]" is stuck at GND
    Warning (13410): Pin "SRAM_ADDR[17]" is stuck at GND
    Warning (13410): Pin "SRAM_UB_N" is stuck at GND
    Warning (13410): Pin "SRAM_LB_N" is stuck at GND
    Warning (13410): Pin "SRAM_WE_N" is stuck at GND
    Warning (13410): Pin "SRAM_CE_N" is stuck at GND
    Warning (13410): Pin "SRAM_OE_N" is stuck at GND
    Warning (13410): Pin "OTG_ADDR[0]" is stuck at GND
    Warning (13410): Pin "OTG_ADDR[1]" is stuck at GND
    Warning (13410): Pin "OTG_CS_N" is stuck at GND
    Warning (13410): Pin "OTG_RD_N" is stuck at GND
    Warning (13410): Pin "OTG_WR_N" is stuck at GND
    Warning (13410): Pin "OTG_RST_N" is stuck at GND
    Warning (13410): Pin "OTG_FSPEED" is stuck at GND
    Warning (13410): Pin "OTG_LSPEED" is stuck at GND
    Warning (13410): Pin "OTG_DACK0_N" is stuck at GND
    Warning (13410): Pin "OTG_DACK1_N" is stuck at GND
    Warning (13410): Pin "LCD_ON" is stuck at GND
    Warning (13410): Pin "LCD_BLON" is stuck at GND
    Warning (13410): Pin "LCD_RW" is stuck at GND
    Warning (13410): Pin "LCD_EN" is stuck at GND
    Warning (13410): Pin "LCD_RS" is stuck at GND
    Warning (13410): Pin "TDO" is stuck at GND
    Warning (13410): Pin "I2C_SCLK" is stuck at GND
    Warning (13410): Pin "VGA_CLK" is stuck at GND
    Warning (13410): Pin "VGA_HS" is stuck at GND
    Warning (13410): Pin "VGA_VS" is stuck at GND
    Warning (13410): Pin "VGA_BLANK" is stuck at GND
    Warning (13410): Pin "VGA_SYNC" is stuck at GND
    Warning (13410): Pin "VGA_R[0]" is stuck at GND
    Warning (13410): Pin "VGA_R[1]" is stuck at GND
    Warning (13410): Pin "VGA_R[2]" is stuck at GND
    Warning (13410): Pin "VGA_R[3]" is stuck at GND
    Warning (13410): Pin "VGA_R[4]" is stuck at GND
    Warning (13410): Pin "VGA_R[5]" is stuck at GND
    Warning (13410): Pin "VGA_R[6]" is stuck at GND
    Warning (13410): Pin "VGA_R[7]" is stuck at GND
    Warning (13410): Pin "VGA_R[8]" is stuck at GND
    Warning (13410): Pin "VGA_R[9]" is stuck at GND
    Warning (13410): Pin "VGA_G[0]" is stuck at GND
    Warning (13410): Pin "VGA_G[1]" is stuck at GND
    Warning (13410): Pin "VGA_G[2]" is stuck at GND
    Warning (13410): Pin "VGA_G[3]" is stuck at GND
    Warning (13410): Pin "VGA_G[4]" is stuck at GND
    Warning (13410): Pin "VGA_G[5]" is stuck at GND
    Warning (13410): Pin "VGA_G[6]" is stuck at GND
    Warning (13410): Pin "VGA_G[7]" is stuck at GND
    Warning (13410): Pin "VGA_G[8]" is stuck at GND
    Warning (13410): Pin "VGA_G[9]" is stuck at GND
    Warning (13410): Pin "VGA_B[0]" is stuck at GND
    Warning (13410): Pin "VGA_B[1]" is stuck at GND
    Warning (13410): Pin "VGA_B[2]" is stuck at GND
    Warning (13410): Pin "VGA_B[3]" is stuck at GND
    Warning (13410): Pin "VGA_B[4]" is stuck at GND
    Warning (13410): Pin "VGA_B[5]" is stuck at GND
    Warning (13410): Pin "VGA_B[6]" is stuck at GND
    Warning (13410): Pin "VGA_B[7]" is stuck at GND
    Warning (13410): Pin "VGA_B[8]" is stuck at GND
    Warning (13410): Pin "VGA_B[9]" is stuck at GND
    Warning (13410): Pin "ENET_CMD" is stuck at GND
    Warning (13410): Pin "ENET_CS_N" is stuck at GND
    Warning (13410): Pin "ENET_WR_N" is stuck at GND
    Warning (13410): Pin "ENET_RD_N" is stuck at GND
    Warning (13410): Pin "ENET_RST_N" is stuck at GND
    Warning (13410): Pin "ENET_CLK" is stuck at GND
    Warning (13410): Pin "AUD_DACDAT" is stuck at GND
    Warning (13410): Pin "AUD_XCK" is stuck at GND
    Warning (13410): Pin "TD_RESET" is stuck at GND
Info (17049): 23 registers lost all their fanouts during netlist optimizations.
Info (144001): Generated suppressed messages file /University/Semester 7/CA Lab/Mips/output_files/Mips.map.smsg
Info (16010): Generating hard_block partition "hard_block:auto_generated_inst"
    Info (16011): Adding 0 node(s), including 0 DDIO, 0 PLL, 0 transceiver and 0 LCELL
Warning (21074): Design contains 45 input pin(s) that do not drive logic
    Warning (15610): No output dependent on input pin "CLOCK_27"
    Warning (15610): No output dependent on input pin "CLOCK_50"
    Warning (15610): No output dependent on input pin "EXT_CLOCK"
    Warning (15610): No output dependent on input pin "KEY[0]"
    Warning (15610): No output dependent on input pin "KEY[2]"
    Warning (15610): No output dependent on input pin "KEY[3]"
    Warning (15610): No output dependent on input pin "SW[1]"
    Warning (15610): No output dependent on input pin "SW[2]"
    Warning (15610): No output dependent on input pin "SW[3]"
    Warning (15610): No output dependent on input pin "SW[4]"
    Warning (15610): No output dependent on input pin "SW[5]"
    Warning (15610): No output dependent on input pin "SW[6]"
    Warning (15610): No output dependent on input pin "SW[7]"
    Warning (15610): No output dependent on input pin "SW[8]"
    Warning (15610): No output dependent on input pin "SW[9]"
    Warning (15610): No output dependent on input pin "SW[10]"
    Warning (15610): No output dependent on input pin "SW[11]"
    Warning (15610): No output dependent on input pin "SW[12]"
    Warning (15610): No output dependent on input pin "SW[13]"
    Warning (15610): No output dependent on input pin "SW[14]"
    Warning (15610): No output dependent on input pin "SW[15]"
    Warning (15610): No output dependent on input pin "SW[16]"
    Warning (15610): No output dependent on input pin "SW[17]"
    Warning (15610): No output dependent on input pin "OTG_INT0"
    Warning (15610): No output dependent on input pin "OTG_INT1"
    Warning (15610): No output dependent on input pin "OTG_DREQ0"
    Warning (15610): No output dependent on input pin "OTG_DREQ1"
    Warning (15610): No output dependent on input pin "TDI"
    Warning (15610): No output dependent on input pin "TCK"
    Warning (15610): No output dependent on input pin "TCS"
    Warning (15610): No output dependent on input pin "PS2_DAT"
    Warning (15610): No output dependent on input pin "PS2_CLK"
    Warning (15610): No output dependent on input pin "ENET_INT"
    Warning (15610): No output dependent on input pin "AUD_ADCDAT"
    Warning (15610): No output dependent on input pin "TD_DATA[0]"
    Warning (15610): No output dependent on input pin "TD_DATA[1]"
    Warning (15610): No output dependent on input pin "TD_DATA[2]"
    Warning (15610): No output dependent on input pin "TD_DATA[3]"
    Warning (15610): No output dependent on input pin "TD_DATA[4]"
    Warning (15610): No output dependent on input pin "TD_DATA[5]"
    Warning (15610): No output dependent on input pin "TD_DATA[6]"
    Warning (15610): No output dependent on input pin "TD_DATA[7]"
    Warning (15610): No output dependent on input pin "TD_HS"
    Warning (15610): No output dependent on input pin "TD_VS"
    Warning (15610): No output dependent on input pin "TD_CLK27"
Info (21057): Implemented 451 device resources after synthesis - the final resource count might be different
    Info (21058): Implemented 47 input pins
    Info (21059): Implemented 215 output pins
    Info (21060): Implemented 156 bidirectional pins
    Info (21061): Implemented 29 logic cells
    Info (21064): Implemented 4 RAM segments
Info: Quartus II 64-Bit Analysis & Synthesis was successful. 0 errors, 508 warnings
    Info: Peak virtual memory: 508 megabytes
    Info: Processing ended: Tue Oct 09 15:59:21 2018
    Info: Elapsed time: 00:00:03
    Info: Total CPU time (on all processors): 00:00:02


+------------------------------------------+
; Analysis & Synthesis Suppressed Messages ;
+------------------------------------------+
The suppressed messages can be found in /University/Semester 7/CA Lab/Mips/output_files/Mips.map.smsg.


